<?xml version="1.0" encoding="UTF-8"?>
<testng-results skipped="0" failed="0" ignored="0" total="1" passed="1">
  <reporter-output>
  </reporter-output>
  <suite name="Default suite" duration-ms="11759" started-at="2022-12-29T10:14:10 IST" finished-at="2022-12-29T10:14:22 IST">
    <groups>
    </groups>
    <test name="Default test" duration-ms="11759" started-at="2022-12-29T10:14:10 IST" finished-at="2022-12-29T10:14:22 IST">
      <class name="com.nopcommerce.Testcases.LoginPageTest">
        <test-method status="PASS" signature="setUp()[pri:0, instance:com.nopcommerce.Testcases.LoginPageTest@587d1d39]" name="setUp" is-config="true" duration-ms="8777" started-at="2022-12-29T10:14:10 IST" finished-at="2022-12-29T10:14:19 IST">
          <reporter-output>
          </reporter-output>
        </test-method> <!-- setUp -->
        <test-method status="PASS" signature="verifyUserlogin()[pri:0, instance:com.nopcommerce.Testcases.LoginPageTest@587d1d39]" name="verifyUserlogin" duration-ms="2069" started-at="2022-12-29T10:14:19 IST" finished-at="2022-12-29T10:14:21 IST">
          <reporter-output>
          </reporter-output>
        </test-method> <!-- verifyUserlogin -->
        <test-method status="PASS" signature="tearDown()[pri:0, instance:com.nopcommerce.Testcases.LoginPageTest@587d1d39]" name="tearDown" is-config="true" duration-ms="856" started-at="2022-12-29T10:14:21 IST" finished-at="2022-12-29T10:14:22 IST">
          <reporter-output>
          </reporter-output>
        </test-method> <!-- tearDown -->
      </class> <!-- com.nopcommerce.Testcases.LoginPageTest -->
    </test> <!-- Default test -->
  </suite> <!-- Default suite -->
</testng-results>
